<?xml version="1.0" encoding="UTF-8"?>
<!-- Generated by org.testng.reporters.JUnitXMLReporter -->
<testsuite ignored="0" hostname="HAMILTON-QA6L" failures="0" tests="5" name="Open Cart Home Page Test_chrome" time="36.058" errors="0" timestamp="2023-08-07T18:02:11 IST">
  <testcase classname="com.qa.opencart.tests.HomePageTest" name="homePageTitleTest" time="0.071"/>
  <testcase classname="com.qa.opencart.tests.HomePageTest" name="homePageUrlTest" time="0.004"/>
  <testcase classname="com.qa.opencart.tests.HomePageTest" name="goToProductsPageTest" time="0.966"/>
  <testcase classname="com.qa.opencart.tests.HomePageTest" name="addProductsToCartTest" time="1.642"/>
  <testcase classname="com.qa.opencart.tests.HomePageTest" name="cartPageTitleTest" time="0.466"/>
</testsuite> <!-- Open Cart Home Page Test_chrome -->
